<?xml version="1.0" encoding="UTF-8"?>
<testng-results skipped="0" failed="0" ignored="0" total="2" passed="2">
  <reporter-output>
  </reporter-output>
  <suite name="Default suite" duration-ms="41711" started-at="2018-07-03T08:55:39Z" finished-at="2018-07-03T08:56:21Z">
    <groups>
    </groups>
    <test name="Default test" duration-ms="41711" started-at="2018-07-03T08:55:39Z" finished-at="2018-07-03T08:56:21Z">
      <class name="testsuits.LoginTest">
        <test-method status="PASS" signature="setUp()[pri:0, instance:testsuits.LoginTest@39c0f4a]" name="setUp" is-config="true" duration-ms="20418" started-at="2018-07-03T08:55:39Z" finished-at="2018-07-03T08:56:00Z">
          <reporter-output>
          </reporter-output>
        </test-method> <!-- setUp -->
        <test-method status="PASS" signature="getTextPopup()[pri:0, instance:testsuits.LoginTest@39c0f4a]" name="getTextPopup" duration-ms="8" started-at="2018-07-03T08:56:00Z" finished-at="2018-07-03T08:56:00Z">
          <reporter-output>
          </reporter-output>
        </test-method> <!-- getTextPopup -->
        <test-method status="PASS" signature="setUp()[pri:0, instance:testsuits.LoginTest@39c0f4a]" name="setUp" is-config="true" duration-ms="10980" started-at="2018-07-03T08:56:00Z" finished-at="2018-07-03T08:56:11Z">
          <reporter-output>
          </reporter-output>
        </test-method> <!-- setUp -->
        <test-method status="PASS" signature="loginAdmin()[pri:0, instance:testsuits.LoginTest@39c0f4a]" name="loginAdmin" duration-ms="10237" started-at="2018-07-03T08:56:11Z" finished-at="2018-07-03T08:56:21Z">
          <reporter-output>
          </reporter-output>
        </test-method> <!-- loginAdmin -->
      </class> <!-- testsuits.LoginTest -->
    </test> <!-- Default test -->
  </suite> <!-- Default suite -->
</testng-results>
